<?xml version="1.0" encoding="utf-8"?><testsuites name="pytest tests"><testsuite name="pytest" errors="0" failures="1" skipped="0" tests="47" time="8.999" timestamp="2026-06-17T21:55:20.334653-04:00" hostname="aqs-lab-a-21"><properties>
[...]
</properties><testcase classname="features.steps.test_transferencia_steps" name="test_sistema_deve_criar_as_contas_iniciais_ao_iniciar" time="0.121" /><testcase classname="features.steps.test_transferencia_steps" name="test_cliente_deve_conseguir_consultar_saldo_depois_da_inicialização" time="0.019" /><testcase classname="test_flask_client" name="test_saldo_alice" time="0.052" /><testcase classname="test_flask_client" name="test_saldo_bob" time="0.024" /><testcase classname="test_flask_client" name="test_saldo_carlos" time="0.023" /><testcase classname="test_flask_client" name="test_saldo_conta_inexistente" time="0.023" /><testcase classname="test_flask_client" name="test_transferencia_valida" time="0.028" /><testcase classname="test_flask_client" name="test_transferencia_saldo_igual_valor" time="0.033" /><testcase classname="test_flask_client" name="test_transferencia_saldo_suficiente" time="0.033" /><testcase classname="test_flask_client" name="test_transferencia_saldo_insuficiente" time="0.024" /><testcase classname="test_flask_client" name="test_transferencia_valor_negativo" time="0.025" /><testcase classname="test_flask_client" name="test_transferencia_valor_zero" time="0.020" /><testcase classname="test_flask_client" name="test_transferencia_origem_destino_iguais" time="0.021" /><testcase classname="test_flask_client" name="test_transferencia_conta_origem_inexistente" time="0.023" /><testcase classname="test_flask_client" name="test_transferencia_conta_destino_inexistente" time="0.021" /><testcase classname="test_flask_client" name="test_transferencia_campos_ausentes" time="0.021" /><testcase classname="test_flask_client" name="test_transferencia_corpo_invalido" time="0.020" /><testcase classname="test_flask_client" name="test_extrato_conta_existente" time="0.022" /><testcase classname="test_flask_client" name="test_extrato_conta_inexistente" time="0.024" /><testcase classname="test_hypothesis" name="test_invariante_valor_nao_positivo_sempre_rejeitado" time="1.990"><failure message="DeadlineExceeded('Test took 315.03ms, which exceeds the deadline of 200.00ms') [single exception in FlakyFailure]">+ Exception Group Traceback (most recent call last):
  |   File "C:\Users\2024105100018\Documents\Teste de Software\internet_banking_tests\test_hypothesis.py", line 55, in test_invariante_valor_nao_positivo_sempre_rejeitado
  |     valor=st.floats(
  |                ^^^
  |   File "C:\Users\2024105100018\Documents\Teste de Software\internet_banking_tests\venv\Lib\site-packages\hypothesis\core.py", line 1740, in wrapped_test
  |     raise the_error_hypothesis_found
  | hypothesis.errors.FlakyFailure: Hypothesis test_invariante_valor_nao_positivo_sempre_rejeitado(valor=-1.1125369292536007e-308) produces unreliable results: Falsified on the first call but did not on a subsequent one (1 sub-exception)
  | Falsifying example: test_invariante_valor_nao_positivo_sempre_rejeitado(
  |     valor=,
  | )
  | Unreliable test timings! On an initial run, this test took 315.03ms, which exceeded the deadline of 200.00ms, but on a subsequent run it took 82.13 ms, which did not. If you expect this sort of variability in your test timings, consider turning deadlines off for this test by setting deadline=None.
  +-+---------------- 1 ----------------
    | Traceback (most recent call last):
    |   File "C:\Users\2024105100018\Documents\Teste de Software\internet_banking_tests\venv\Lib\site-packages\hypothesis\core.py", line 1050, in _execute_once_for_engine
    |     result = self.execute_once(data)
    |   File "C:\Users\2024105100018\Documents\Teste de Software\internet_banking_tests\venv\Lib\site-packages\hypothesis\core.py", line 980, in execute_once
    |     result = self.test_runner(data, run)
    |   File "C:\Users\2024105100018\Documents\Teste de Software\internet_banking_tests\venv\Lib\site-packages\hypothesis\core.py", line 744, in default_executor
    |     return function(data)
    |   File "C:\Users\2024105100018\Documents\Teste de Software\internet_banking_tests\venv\Lib\site-packages\hypothesis\core.py", line 955, in run
    |     return test(*args, **kwargs)
    |   File "C:\Users\2024105100018\Documents\Teste de Software\internet_banking_tests\test_hypothesis.py", line 55, in test_invariante_valor_nao_positivo_sempre_rejeitado
    |     valor=st.floats(
    |                ^^^^^
    |   File "C:\Users\2024105100018\Documents\Teste de Software\internet_banking_tests\venv\Lib\site-packages\hypothesis\core.py", line 878, in test
    |     raise DeadlineExceeded(
    |         datetime.timedelta(seconds=runtime), self.settings.deadline
    |     )
    | hypothesis.errors.DeadlineExceeded: Test took 315.03ms, which exceeds the deadline of 200.00ms
    +------------------------------------</failure></testcase><testcase classname="test_hypothesis" name="test_invariante_conta_inexistente_no_saldo_retorna_404" time="2.880" /><testcase classname="test_hypothesis" name="test_invariante_transferencia_aceita_conserva_soma_dos_saldos" time="2.190" /><testcase classname="test_ia_gerado" name="test_saldo_conta_existente" time="0.056" /><testcase classname="test_ia_gerado" name="test_saldo_conta_inexistente" time="0.056" /><testcase classname="test_ia_gerado" name="test_transferencia_saldo_igual_valor" time="0.076" /><testcase classname="test_ia_gerado" name="test_transferencia_saldo_suficiente" time="0.057" /><testcase classname="test_ia_gerado" name="test_transferencia_saldo_insuficiente" time="0.050" /><testcase classname="test_ia_gerado" name="test_transferencia_valor_negativo" time="0.045" /><testcase classname="test_ia_gerado" name="test_transferencia_valor_zero" time="0.052" /><testcase classname="test_ia_gerado" name="test_transferencia_origem_destino_iguais" time="0.049" /><testcase classname="test_ia_gerado" name="test_transferencia_conta_origem_inexistente" time="0.082" /><testcase classname="test_ia_gerado" name="test_transferencia_conta_destino_inexistente" time="0.051" /><testcase classname="test_ia_gerado" name="test_extrato_conta_origem_inexistente" time="0.056" /><testcase classname="test_ia_gerado" name="test_extrato_conta_inexistente" time="0.048" /><testcase classname="test_melhorado" name="test_mensagem_saldo_insuficiente_exata" time="0.024" /><testcase classname="test_melhorado" name="test_campo_saldo_atual_presente_em_saldo_insuficiente" time="0.023" /><testcase classname="test_melhorado" name="test_extrato_campos_obrigatorios_alice" time="0.022" /><testcase classname="test_melhorado" name="test_extrato_conta_inexistente_mensagem_exata" time="0.021" /><testcase classname="test_melhorado" name="test_extrato_reflete_transferencia_realizada" time="0.029" /><testcase classname="test_melhorado" name="test_saldo_conta_inexistente_mensagem_exata" time="0.021" /><testcase classname="test_melhorado" name="test_saldo_retorna_campos_obrigatorios" time="0.021" /><testcase classname="test_melhorado" name="test_mensagem_valor_positivo_exata" time="0.022" /><testcase classname="test_melhorado" name="test_mensagem_origem_destino_iguais_exata" time="0.023" /><testcase classname="test_melhorado" name="test_mensagem_campos_ausentes_exata" time="0.053" /><testcase classname="test_melhorado" name="test_mensagem_corpo_invalido_exata" time="0.025" /><testcase classname="test_melhorado" name="test_transferencia_retorna_campos_obrigatorios" time="0.026" /><testcase classname="test_melhorado" name="test_conta_inexistente_transferencia_mensagem_exata" time="0.022" /></testsuite></testsuites>